{"/Users/bootcamp/Desktop/codewars/spec.js":{"path":"/Users/bootcamp/Desktop/codewars/spec.js","s":{"1":1,"2":1,"3":1,"4":1,"5":1,"6":1},"b":{},"f":{"1":1,"2":1},"fnMap":{"1":{"name":"(anonymous_1)","line":5,"loc":{"start":{"line":5,"column":23},"end":{"line":5,"column":35}}},"2":{"name":"(anonymous_2)","line":6,"loc":{"start":{"line":6,"column":21},"end":{"line":6,"column":33}}}},"statementMap":{"1":{"start":{"line":1,"column":0},"end":{"line":1,"column":31}},"2":{"start":{"line":2,"column":0},"end":{"line":2,"column":62}},"3":{"start":{"line":3,"column":0},"end":{"line":3,"column":44}},"4":{"start":{"line":5,"column":0},"end":{"line":9,"column":2}},"5":{"start":{"line":6,"column":2},"end":{"line":8,"column":4}},"6":{"start":{"line":7,"column":4},"end":{"line":7,"column":29}}},"branchMap":{}},"/Users/bootcamp/Desktop/codewars/models/Problem.js":{"path":"/Users/bootcamp/Desktop/codewars/models/Problem.js","s":{"1":1,"2":1,"3":1},"b":{},"f":{},"fnMap":{},"statementMap":{"1":{"start":{"line":1,"column":0},"end":{"line":1,"column":37}},"2":{"start":{"line":3,"column":0},"end":{"line":22,"column":3}},"3":{"start":{"line":24,"column":0},"end":{"line":24,"column":58}}},"branchMap":{}}}